<?xml version="1.0" encoding="utf-8"?><testsuites name="pytest tests"><testsuite name="pytest" errors="0" failures="0" skipped="0" tests="21" time="2.920" timestamp="2026-03-14T20:00:49.623214+00:00" hostname="agent-env-d446c89d-a39c-4a1a-8d0b-fb86687e66b9"><testcase classname="backend.tests.test_v2_calc_engine.TestV2CalculationEngine" name="test_api_root_returns_v2" time="0.163" /><testcase classname="backend.tests.test_v2_calc_engine.TestV2CalculationEngine" name="test_listings_have_calc_version_v2" time="0.142" /><testcase classname="backend.tests.test_v2_calc_engine.TestV2CalculationEngine" name="test_listings_have_mv_breakdown" time="0.125" /><testcase classname="backend.tests.test_v2_calc_engine.TestV2CalculationEngine" name="test_listings_have_repair_breakdown" time="0.140" /><testcase classname="backend.tests.test_v2_calc_engine.TestV2CalculationEngine" name="test_listings_have_fees_breakdown" time="0.115" /><testcase classname="backend.tests.test_v2_calc_engine.TestSalvageTitleCalculations" name="test_salvage_title_mult_is_055" time="0.110" /><testcase classname="backend.tests.test_v2_calc_engine.TestSalvageTitleCalculations" name="test_salvage_has_salvage_to_rebuilt_cost" time="0.117" /><testcase classname="backend.tests.test_v2_calc_engine.TestSalvageTitleCalculations" name="test_clean_title_has_no_salvage_cost" time="0.181" /><testcase classname="backend.tests.test_v2_calc_engine.TestAIDamageDetection" name="test_ai_damage_fields_exist" time="0.131" /><testcase classname="backend.tests.test_v2_calc_engine.TestAIDamageDetection" name="test_ai_damage_detected_count" time="0.140" /><testcase classname="backend.tests.test_v2_calc_engine.TestSingleListingEndpoint" name="test_get_listing_by_id" time="0.246" /><testcase classname="backend.tests.test_v2_calc_engine.TestSingleListingEndpoint" name="test_get_listing_404_for_invalid_id" time="0.138" /><testcase classname="backend.tests.test_v2_calc_engine.TestCalcMethodologyEndpoint" name="test_calc_methodology_returns_200" time="0.116" /><testcase classname="backend.tests.test_v2_calc_engine.TestCalcMethodologyEndpoint" name="test_calc_methodology_has_required_sections" time="0.113" /><testcase classname="backend.tests.test_v2_calc_engine.TestCalcMethodologyEndpoint" name="test_calc_methodology_market_value_factors" time="0.102" /><testcase classname="backend.tests.test_v2_calc_engine.TestCalcMethodologyEndpoint" name="test_calc_methodology_repair_cost_factors" time="0.107" /><testcase classname="backend.tests.test_v2_calc_engine.TestCalcMethodologyEndpoint" name="test_calc_methodology_ontario_fees_breakdown" time="0.107" /><testcase classname="backend.tests.test_v2_calc_engine.TestCalcMethodologyEndpoint" name="test_calc_methodology_deal_scoring" time="0.109" /><testcase classname="backend.tests.test_v2_calc_engine.TestStatsEndpoint" name="test_stats_returns_counts" time="0.115" /><testcase classname="backend.tests.test_v2_calc_engine.TestStatsEndpoint" name="test_stats_source_counts" time="0.184" /><testcase classname="backend.tests.test_v2_calc_engine.TestDealScoring" name="test_deal_score_uses_roi_bonus" time="0.122" /></testsuite></testsuites>