<?xml version="1.0" encoding="utf-8"?><testsuites name="pytest tests"><testsuite name="pytest" errors="0" failures="0" skipped="0" tests="12" time="3.328" timestamp="2026-03-14T19:37:35.908821+00:00" hostname="agent-env-d446c89d-a39c-4a1a-8d0b-fb86687e66b9"><testcase classname="tests.test_filters.TestAPIHealth" name="test_api_root_accessible" time="0.216" /><testcase classname="tests.test_filters.TestBrandTypeFilter" name="test_get_all_listings_no_filter" time="0.186" /><testcase classname="tests.test_filters.TestBrandTypeFilter" name="test_filter_salvage_title" time="0.123" /><testcase classname="tests.test_filters.TestBrandTypeFilter" name="test_filter_clean_title" time="0.141" /><testcase classname="tests.test_filters.TestBrandTypeFilter" name="test_filter_rebuilt_title" time="0.125" /><testcase classname="tests.test_filters.TestStatusFilter" name="test_filter_for_sale_status" time="0.124" /><testcase classname="tests.test_filters.TestStatusFilter" name="test_filter_coming_soon_status" time="0.211" /><testcase classname="tests.test_filters.TestCombinedFilters" name="test_salvage_and_coming_soon" time="0.115" /><testcase classname="tests.test_filters.TestCombinedFilters" name="test_salvage_and_for_sale" time="0.223" /><testcase classname="tests.test_filters.TestCombinedFilters" name="test_clean_and_for_sale" time="0.168" /><testcase classname="tests.test_filters.TestFilterCountConsistency" name="test_salvage_plus_clean_approximately_equals_total" time="1.117" /><testcase classname="tests.test_filters.TestFilterCountConsistency" name="test_for_sale_plus_coming_soon_approximately_equals_total" time="0.416" /></testsuite></testsuites>